The file '/eeei/home/user/student/Documents/CoE111_201358222/me2/lab_02/sim/tb_updown.vpd' was opened successfully.
Warning: [DVSW132] 
Cannot display tool tip.  Macro `suppress_faults` not found in file `dve_debug.db`.
Please re-analyze the source file with option '-debug'.
---------------------------------------------

The tool has just exited abnormally:


Release = 'H-2013.06-SP1_Full64'  Architecture = 'amd64'  Program = 'DVE'

'33128460 33153936 33156005 253568965306'

---------------------------------------------
=======================DVE Context and Call Stack=========================
Command line: /eeei/tools/synopsys/vcs-mx/H-2013.06-SP1//gui/dve/amd64/bin/dve.exe -full64

--- Stack trace follows:
[Thread debugging using libthread_db enabled]
[New Thread 0x7f217c30b700 (LWP 4775)]
0x0000003b09eac7fd in waitpid () from /lib64/libc.so.6

Thread 2 (Thread 0x7f217c30b700 (LWP 4775)):
#0  0x0000003b0a20ba5e in pthread_cond_timedwait@@GLIBC_2.3.2 () from /lib64/libpthread.so.0
#1  0x00000000028b2889 in ?? ()
#2  0x00000000028b2d31 in QThread::msleep(unsigned long) ()
#3  0x00000000010076f4 in ag::dveXThread::run() ()
#4  0x00000000028b291f in QThreadInstance::start(void*) ()
#5  0x0000003b0a207aa1 in start_thread () from /lib64/libpthread.so.0
#6  0x0000003b09ee8aad in clone () from /lib64/libc.so.6

Thread 1 (Thread 0x7f217c7327e0 (LWP 4636)):
#0  0x0000003b09eac7fd in waitpid () from /lib64/libc.so.6
#1  0x0000003b09e3e5c9 in do_system () from /lib64/libc.so.6
#2  0x0000003b09e3e900 in system () from /lib64/libc.so.6
#3  0x00007f217e0fe40c in SNPSle_10ee25eff68cd8461c9146fa1d0b35e87067f3c8015b313e639d2928478c79b3f673f99203bcf8be64600612100082236bffb2007f1e0ef9 () from /eeei/tools/synopsys/vcs-mx/H-2013.06-SP1//amd64/lib/liberrorinf.so
#4  0x00007f217e0fea0b in SNPSle_10ee25eff68cd8461c9146fa1d0b35e87067f3c8015b313e81c34e9ac4c8988ef4a6e067b3aa9271e9f15440f9e8f69ebc77e2fd65860faa () from /eeei/tools/synopsys/vcs-mx/H-2013.06-SP1//amd64/lib/liberrorinf.so
#5  0x00007f217e0ffdbc in SNPSle_10ee25eff68cd8461c9146fa1d0b35e87067f3c8015b313efba706aab251478fa49e66610e453774633a6c152e7ef778f2202cda681f3d4e () from /eeei/tools/synopsys/vcs-mx/H-2013.06-SP1//amd64/lib/liberrorinf.so
#6  0x00007f217e0f8196 in SNPSle_d35ca1ff70d465c24c71e1f0ad6ba632 () from /eeei/tools/synopsys/vcs-mx/H-2013.06-SP1//amd64/lib/liberrorinf.so
#7  0x0000000001f9e338 in ag::logErrorMessage(ag::errorType, QString const&, bool) ()
#8  0x0000000001f9eba5 in ?? ()
#9  0x0000003b09e35aba in exit () from /lib64/libc.so.6
#10 0x000000000104ed86 in VCS_EXIT ()
#11 0x0000000001119108 in SigHandler ()
#12 <signal handler called>
#13 0x0000003b09ee1523 in select () from /lib64/libc.so.6
#14 0x000000000287a738 in QEventLoop::processEvents(unsigned int) ()
#15 0x000000000104da29 in ag::ovaEventLoop::processEvents(unsigned int) ()
#16 0x00000000028c9ac9 in QEventLoop::enterLoop() ()
#17 0x00000000028c9a4a in QEventLoop::exec() ()
#18 0x000000000104d3e1 in run_cci_event_loop ()
#19 0x000000000100a2ab in ag::ovaAppInst::enterEventLoop(int, char**) ()
#20 0x0000000000db357a in main ()
No context available
==========================================================================
