# Preference setting overrides
gui_create_pref_key -category {Globals} -key {load_detail_for_funcov} -value_type {bool} -value {false}

# State setting overrides
gui_state_default_create -off -ini
gui_set_state_value -category Globals -key recent_databases -value {{gui_open_db -file /eeei/home/user/student/Documents/CoE111_201358222/me4/sim/tb_alu.vpd -design V1} {gui_open_db -file /eeei/home/user/student/Documents/CoE111_201358222/me3/sim/tb_mult.vpd -design V1} {gui_open_db -file /eeei/home/user/student/111/lab3/lab_03/rtl/tb_multiplier.vpd -design V1} {gui_open_db -file /eeei/home/user/student/111/lab3/lab_03/rtl/tb_multiplier.vpd -design V2} {gui_open_db -file /eeei/home/user/student/Desktop/24577/lab_02/sim/tb_updown.vpd -design V1}}
gui_set_state_value -category Layout -key child_console_size_x -value 1592
gui_set_state_value -category Layout -key child_console_size_y -value 165
gui_set_state_value -category Layout -key child_data_coltype -value 86
gui_set_state_value -category Layout -key child_data_colvariable -value 148
gui_set_state_value -category Layout -key child_data_size_x -value 342
gui_set_state_value -category Layout -key child_data_size_y -value 576
gui_set_state_value -category Layout -key child_driver_size_x -value 1065
gui_set_state_value -category Layout -key child_driver_size_y -value 179
gui_set_state_value -category Layout -key child_hier_col3 -value {-1}
gui_set_state_value -category Layout -key child_hier_colhier -value 141
gui_set_state_value -category Layout -key child_hier_colpd -value 0
gui_set_state_value -category Layout -key child_hier_coltype -value 101
gui_set_state_value -category Layout -key child_hier_size_x -value 236
gui_set_state_value -category Layout -key child_hier_size_y -value 576
gui_set_state_value -category Layout -key child_source_docknewline -value false
gui_set_state_value -category Layout -key child_source_pos_x -value {-2}
gui_set_state_value -category Layout -key child_source_pos_y -value {-15}
gui_set_state_value -category Layout -key child_source_size_x -value 1017
gui_set_state_value -category Layout -key child_source_size_y -value 571
gui_set_state_value -category Layout -key child_wave_colname -value 217
gui_set_state_value -category Layout -key child_wave_colvalue -value 217
gui_set_state_value -category Layout -key child_wave_left -value 439
gui_set_state_value -category Layout -key child_wave_right -value 1070
gui_set_state_value -category Layout -key main_pos_y -value 54
gui_set_state_value -category Layout -key main_size_x -value 1597
gui_set_state_value -category Layout -key main_size_y -value 870
gui_set_state_value -category Layout -key stand_source_child_docknewline -value false
gui_set_state_value -category Layout -key stand_source_child_pos_x -value {-2}
gui_set_state_value -category Layout -key stand_source_child_pos_y -value {-15}
gui_set_state_value -category Layout -key stand_source_child_size_x -value 1070
gui_set_state_value -category Layout -key stand_source_child_size_y -value 292
gui_set_state_value -category Layout -key stand_wave_child_docknewline -value false
gui_set_state_value -category Layout -key stand_wave_child_pos_x -value {-2}
gui_set_state_value -category Layout -key stand_wave_child_pos_y -value {-15}
gui_set_state_value -category Layout -key stand_wave_child_size_x -value 1519
gui_set_state_value -category Layout -key stand_wave_child_size_y -value 690
gui_set_state_value -category Layout -key stand_wave_top_pos_x -value 83
gui_set_state_value -category Layout -key stand_wave_top_pos_y -value 76
gui_set_state_value -category Layout -key stand_wave_top_size_x -value 1597
gui_set_state_value -category Layout -key stand_wave_top_size_y -value 870
gui_create_state_key -category FindDialog -key m_pMatchCase -value_type bool -value false
gui_create_state_key -category FindDialog -key m_pMatchWord -value_type bool -value false
gui_create_state_key -category FindDialog -key m_pUseCombo -value_type string -value {}
gui_create_state_key -category FindDialog -key m_pWrapAround -value_type bool -value true
gui_state_default_create -off

# Begin command logging
gui_open_db -file /eeei/home/user/student/Documents/CoE111_201358222/me4/sim/tb_alu.vpd -design V1
gui_list_select -id Hier.1 -current_item_name tb_alu -current_item_type Scope  -selected  { tb_alu   }
gui_list_select -id Data.1 -selected  { {tb_alu.opB[7:0]}   }
gui_list_select_all -id Data.1
gui_open_window Wave
gui_list_add -id Wave.1 -from Data.1 { {tb_alu.opA[7:0]} {tb_alu.opB[7:0]} {tb_alu.sel[2:0]} {tb_alu.res[7:0]} } -insertionbar
gui_zoom -window Wave.1 -full
gui_list_select -id Wave.1 -selected  { {tb_alu.opA[7:0]}   }
gui_list_select_all -id Wave.1
gui_list_set_selected_property -id Wave.1 -radix binary
gui_list_set_selected_property -id Wave.1 -radix decimal
gui_list_set_selected_property -id Wave.1 -radix twosComplement
gui_marker_move -id  Wave.1 C1 10569
gui_marker_move -id  Wave.1 C1 26400
gui_list_select -id Wave.1 -selected  { {tb_alu.sel[2:0]}   }
gui_list_set_selected_property -id Wave.1 -radix unsigned
gui_marker_move -id  Wave.1 C1 70835
gui_marker_move -id  Wave.1 C1 61572
gui_marker_move -id  Wave.1 C1 70835
gui_marker_move -id  Wave.1 C1 75114
gui_marker_move -id  Wave.1 C1 90659
gui_marker_move -id  Wave.1 C1 90659
gui_list_select -id Wave.1 -selected  { {tb_alu.opA[7:0]}   }
gui_list_select -id Wave.1 -selected  { {tb_alu.opA[7:0]}  {tb_alu.opB[7:0]}   }
gui_list_select -id Wave.1 -selected  { {tb_alu.opA[7:0]}  {tb_alu.opB[7:0]}  {tb_alu.res[7:0]}   }
gui_list_set_selected_property -id Wave.1 -radix onesComplement
gui_marker_move -id  Wave.1 C1 160000
gui_marker_move -id  Wave.1 C1 176943
gui_list_select -id Wave.1 -selected  { {tb_alu.opA[7:0]}   }
gui_list_select -id Wave.1 -selected  { {tb_alu.opA[7:0]}  {tb_alu.opB[7:0]}   }
gui_list_select -id Wave.1 -selected  { {tb_alu.opA[7:0]}  {tb_alu.opB[7:0]}  {tb_alu.res[7:0]}   }
gui_list_set_selected_property -id Wave.1 -radix signMagnitude
gui_wv_zoom_timerange -id  Wave.1 0 348857
gui_marker_move -id  Wave.1 C1 217800
gui_list_set_selected_property -id Wave.1 -radix twosComplement
gui_list_set_selected_property -id Wave.1 -radix onesComplement
gui_list_select -id Wave.1 -selected  { {tb_alu.opB[7:0]}   }
gui_list_select -id Wave.1 -selected  { {tb_alu.opA[7:0]}   }
gui_list_select -id Wave.1 -selected  { {tb_alu.opA[7:0]}  {tb_alu.opB[7:0]}   }
gui_list_select -id Wave.1 -selected  { {tb_alu.opA[7:0]}  {tb_alu.opB[7:0]}  {tb_alu.res[7:0]}   }
gui_list_select -id Wave.1 -selected  {  }
gui_list_select -id Wave.1 -selected  { {tb_alu.opA[7:0]}   }
gui_list_select -id Wave.1 -selected  { {tb_alu.opA[7:0]}  {tb_alu.opB[7:0]}   }
gui_list_set_selected_property -id Wave.1 -radix twosComplement
gui_list_add  -id  Wave.1   -after {tb_alu.res[7:0]} {{tb_alu.opA[7:0]} {tb_alu.opB[7:0]}} 
gui_list_select -id Wave.1 -selected  {  }
gui_list_select -id Wave.1 -selected  { {tb_alu.res[7:0]}   }
gui_list_set_selected_property -id Wave.1 -radix twosComplement
gui_list_set_selected_property -id Wave.1 -radix onesComplement
gui_list_select -id Wave.1 -selected  { {tb_alu.opA[7:0]}   }
gui_list_select -id Wave.1 -selected  { {tb_alu.opA[7:0]}  {tb_alu.opB[7:0]}   }
gui_list_set_selected_property -id Wave.1 -radix onesComplement
gui_marker_move -id  Wave.1 C1 100000
gui_list_select -id Wave.1 -selected  { {tb_alu.opA[7:0]}  {tb_alu.opB[7:0]}  {tb_alu.res[7:0]}   }
gui_list_set_selected_property -id Wave.1 -radix signMagnitude
gui_marker_move -id  Wave.1 C1 170000
gui_list_set_selected_property -id Wave.1 -radix binary
gui_wv_zoom_timerange -id  Wave.1 251743 332829
gui_list_set_selected_property -id Wave.1 -radix unsigned
