# Preference setting overrides
gui_create_pref_key -category {Globals} -key {load_detail_for_funcov} -value_type {bool} -value {false}

# State setting overrides
gui_state_default_create -off -ini
gui_set_state_value -category Globals -key recent_databases -value {{gui_open_db -file /eeei/home/user/student/Documents/CoE111_201358222/me2/lab_02/sim/tb_updown.vpd -design V1} {gui_open_db -file /eeei/home/user/student/Desktop/lab_01/tb_updown.vpd -design V1} {gui_open_db -file /eeei/home/user/student/coe111_201118060/lab_01/tb_updown.vpd -design V1} {gui_open_db -file /eeei/home/user/student/Documents/CoE 111/me1/lab_01/tb_updown.vpd -design V1}}
gui_set_state_value -category Layout -key child_console_size_x -value 1593
gui_set_state_value -category Layout -key child_console_size_y -value 175
gui_set_state_value -category Layout -key child_data_size_x -value 170
gui_set_state_value -category Layout -key child_data_size_y -value 567
gui_set_state_value -category Layout -key child_hier_col3 -value {-1}
gui_set_state_value -category Layout -key child_hier_colpd -value 0
gui_set_state_value -category Layout -key child_hier_size_x -value 170
gui_set_state_value -category Layout -key child_hier_size_y -value 567
gui_set_state_value -category Layout -key child_source_docknewline -value false
gui_set_state_value -category Layout -key child_source_pos_x -value {-2}
gui_set_state_value -category Layout -key child_source_pos_y -value {-15}
gui_set_state_value -category Layout -key child_source_size_x -value 1256
gui_set_state_value -category Layout -key child_source_size_y -value 562
gui_set_state_value -category Layout -key child_wave_colname -value 230
gui_set_state_value -category Layout -key child_wave_colvalue -value 230
gui_set_state_value -category Layout -key child_wave_left -value 464
gui_set_state_value -category Layout -key child_wave_right -value 1130
gui_set_state_value -category Layout -key main_pos_x -value 4
gui_set_state_value -category Layout -key main_pos_y -value 53
gui_set_state_value -category Layout -key main_size_x -value 1597
gui_set_state_value -category Layout -key main_size_y -value 870
gui_set_state_value -category Layout -key stand_wave_child_docknewline -value false
gui_set_state_value -category Layout -key stand_wave_child_pos_x -value {-2}
gui_set_state_value -category Layout -key stand_wave_child_pos_y -value {-15}
gui_set_state_value -category Layout -key stand_wave_child_size_x -value 1604
gui_set_state_value -category Layout -key stand_wave_child_size_y -value 720
gui_set_state_value -category Layout -key stand_wave_top_pos_x -value 59
gui_set_state_value -category Layout -key stand_wave_top_pos_y -value 52
gui_set_state_value -category Layout -key stand_wave_top_size_x -value 1658
gui_set_state_value -category Layout -key stand_wave_top_size_y -value 875
gui_create_state_key -category FindDialog -key m_pMatchCase -value_type bool -value false
gui_create_state_key -category FindDialog -key m_pMatchWord -value_type bool -value false
gui_create_state_key -category FindDialog -key m_pUseCombo -value_type string -value {}
gui_create_state_key -category FindDialog -key m_pWrapAround -value_type bool -value true
gui_state_default_create -off

# Begin command logging
gui_open_db -file /eeei/home/user/student/Documents/CoE111_201358222/me2/lab_02/sim/tb_updown.vpd -design V1
gui_list_set_filter -id Data.1 -text {*}
gui_list_expand -id  Hier.1   tb_updown
gui_list_select -id Hier.1 -current_item_name tb_updown -current_item_type Scope  -selected  { tb_updown   }
gui_list_select -id Data.1 -selected  { tb_updown.dir   }
gui_list_select_all -id Data.1
gui_open_window Wave
gui_list_add -id Wave.1 -from Data.1 { tb_updown.clk tb_updown.nrst tb_updown.dir {tb_updown.count[3:0]} } -insertionbar
gui_zoom -window Wave.1 -full
gui_zoom -window  Wave.1  -full
gui_wv_zoom_timerange -id  Wave.1 45215 47481
gui_zoom -window Wave.1 -full
gui_wv_zoom_timerange -id  Wave.1 42125 46966
gui_wv_zoom_timerange -id  Wave.1 45074 45273
gui_wv_zoom_timerange -id  Wave.1 45168 45180
gui_zoom -window Wave.1 -full
gui_zoom -window  Wave.1  -factor 0.5
gui_zoom -window Wave.1 -full
gui_wv_zoom_timerange -id  Wave.1 43464 46863
gui_wv_zoom_timerange -id  Wave.1 45053 45253
gui_wv_zoom_timerange -id  Wave.1 45152 45178
gui_zoom -window Wave.1 -full
gui_wv_zoom_timerange -id  Wave.1 22350 27191
gui_zoom -window Wave.1 -full
gui_wv_zoom_timerange -id  Wave.1 24307 26470
gui_wv_zoom_timerange -id  Wave.1 24992 25235
gui_wv_scrollleft -id  Wave.1  line
gui_wv_scrollleft -id  Wave.1  line
gui_wv_scrollleft -id  Wave.1  line
gui_wv_scrollleft -id  Wave.1  line
gui_wv_scrollright -id  Wave.1  line
gui_wv_scrollright -id  Wave.1  line
gui_wv_scrollright -id  Wave.1  line
gui_wv_scrollright -id  Wave.1  line
gui_wv_scrollright -id  Wave.1  line
gui_wv_scrollright -id  Wave.1  line
gui_wv_scrollright -id  Wave.1  line
gui_wv_scrollright -id  Wave.1  line
gui_wv_scrollright -id  Wave.1  line
gui_wv_scrollright -id  Wave.1  line
gui_wv_scrollright -id  Wave.1  line
gui_zoom -window Wave.1 -full
gui_wv_zoom_timerange -id  Wave.1 43155 46863
gui_wv_zoom_timerange -id  Wave.1 44899 45274
gui_wv_zoom_timerange -id  Wave.1 44987 45253
gui_wv_zoom_timerange -id  Wave.1 45155 45177
gui_wv_scroll_hslidermove -id  Wave.1 2115818
gui_zoom -window Wave.1 -full
gui_zoom -window  Wave.1  -full
gui_zoom -window  Wave.1  -factor 0.5
gui_zoom -window  Wave.1  -factor 0.5
gui_zoom -window  Wave.1  -full
gui_zoom -window  Wave.1  -full
gui_zoom -window  Wave.1  -full
gui_zoom -window  Wave.1  -factor 2
gui_wv_zoom_timerange -id  Wave.1 23483 28633
gui_wv_zoom_timerange -id  Wave.1 25099 25533
gui_wv_scrollleft -id  Wave.1  line
gui_wv_scrollleft -id  Wave.1  line
gui_wv_scrollleft -id  Wave.1  line
gui_wv_scrollleft -id  Wave.1  line
gui_wv_scrollleft -id  Wave.1  line
gui_wv_scrollleft -id  Wave.1  line
gui_wv_scrollleft -id  Wave.1  line
gui_wv_scrollleft -id  Wave.1  line
gui_wv_scrollleft -id  Wave.1  line
gui_zoom -window Wave.1 -full
gui_zoom -window  Wave.1  -full
gui_zoom -window  Wave.1  -factor 0.5
gui_zoom -window Wave.1 -full
gui_zoom -window Wave.1 -full
gui_zoom -window Wave.1 -full
gui_wv_zoom_timerange -id  Wave.1 23174 27706
gui_wv_zoom_timerange -id  Wave.1 24676 25274
gui_close_window -window TopLevel.2
